<?xml version="1.0" encoding="UTF-8"?>
<testng-results skipped="0" failed="0" ignored="0" total="1" passed="1">
  <reporter-output>
  </reporter-output>
  <suite name="Suite" duration-ms="56263" started-at="2023-02-25T18:16:51 BDT" finished-at="2023-02-25T18:17:47 BDT">
    <groups>
      <group name="cucumber">
        <method signature="AbstractTestNGCucumberTests.runScenario(io.cucumber.testng.PickleWrapper, io.cucumber.testng.FeatureWrapper)[pri:0, instance:TestRunner.ExperiBankRunnerTest@7714e963]" name="runScenario" class="io.cucumber.testng.AbstractTestNGCucumberTests"/>
      </group> <!-- cucumber -->
    </groups>
    <test name="grtApi" duration-ms="56263" started-at="2023-02-25T18:16:51 BDT" finished-at="2023-02-25T18:17:47 BDT">
      <class name="TestRunner.ExperiBankRunnerTest">
        <test-method status="PASS" signature="setUpClass()[pri:0, instance:TestRunner.ExperiBankRunnerTest@7714e963]" name="setUpClass" is-config="true" duration-ms="923" started-at="2023-02-25T18:16:51 BDT" finished-at="2023-02-25T18:16:51 BDT">
          <reporter-output>
          </reporter-output>
        </test-method> <!-- setUpClass -->
        <test-method status="PASS" signature="runScenario(io.cucumber.testng.PickleWrapper, io.cucumber.testng.FeatureWrapper)[pri:0, instance:TestRunner.ExperiBankRunnerTest@7714e963]" name="runScenario" duration-ms="55243" started-at="2023-02-25T18:16:51 BDT" description="Runs Cucumber Scenarios" data-provider="scenarios" finished-at="2023-02-25T18:17:47 BDT">
          <params>
            <param index="0">
              <value>
                <![CDATA["user login"]]>
              </value>
            </param>
            <param index="1">
              <value>
                <![CDATA["Optional[AppTest]"]]>
              </value>
            </param>
          </params>
          <reporter-output>
          </reporter-output>
        </test-method> <!-- runScenario -->
        <test-method status="PASS" signature="tearDownClass()[pri:0, instance:TestRunner.ExperiBankRunnerTest@7714e963]" name="tearDownClass" is-config="true" duration-ms="49" started-at="2023-02-25T18:17:47 BDT" finished-at="2023-02-25T18:17:47 BDT">
          <reporter-output>
          </reporter-output>
        </test-method> <!-- tearDownClass -->
      </class> <!-- TestRunner.ExperiBankRunnerTest -->
    </test> <!-- grtApi -->
  </suite> <!-- Suite -->
</testng-results>
